

HI-TECH Software Macro Assembler (PIC18) V9.66 build 8870 
                                                       Sun Aug 26 01:26:13 2012


     1                           
     2                           	; HI-TECH C PRO for the PIC18 MCU Family V9.66
     3                           	; Copyright (C) 1984-2011 HI-TECH Software
     4                           
     5                           	; Auto-generated runtime startup code for final
                                  link stage.
     6                           
     7                           	;
     8                           	; Compiler options:
     9                           	;
    10                           	; -olinefollower.cof -mlinefollower.map --summa
                                 ry=default \
    11                           	; --output=default linefollower_main.p1 uart.p1
                                  --chip=18F4431 -P \
    12                           	; --runtime=default --opt=default -D__DEBUG=1 -
                                 -rom=default \
    13                           	; --ram=default -g --asmlist --errformat=Error 
                                   [%n] %f; %l.%c %s \
    14                           	; --msgformat=Advisory[%n] %s --warnformat=Warn
                                 ing [%n] %f; %l.%c %s
    15                           	;
    16                           
    17                           
    18                           	GLOBAL	_main,start,_exit
    19                           	FNROOT	_main
    20                           
    21  000000                     	pic18cxx	equ	1
    22                           
    23                           	psect	config,class=CONFIG,delta=1
    24                           	psect	idloc,class=IDLOC,delta=1
    25                           	psect	eeprom_data,class=EEDATA,delta=1
    26                           	psect	const,class=CODE,delta=1,reloc=2
    27                           	psect	smallconst,class=SMALLCONST,delta=1,reloc
                                 =2
    28                           	psect	mediumconst,class=MEDIUMCONST,delta=1,rel
                                 oc=2
    29                           	psect	rbss,class=COMRAM,space=1
    30                           	psect	bss,class=RAM,space=1
    31                           	psect	rdata,class=COMRAM,space=1
    32                           	psect	irdata,class=CODE,space=0,reloc=2
    33                           	psect	bss,class=RAM,space=1
    34                           	psect	data,class=RAM,space=1
    35                           	psect	idata,class=CODE,space=0,reloc=2
    36                           	psect	nvram,class=NVRAM,space=1
    37                           	psect	nvrram,class=COMRAM,space=1
    38                           	psect	nvbit,class=COMRAM,bit,space=1
    39                           	psect	temp,ovrld,class=COMRAM,space=1
    40                           	psect	struct,ovrld,class=COMRAM,space=1
    41                           	psect	rbit,class=COMRAM,bit,space=1
    42                           	psect	bigbss,class=BIGRAM,space=1
    43                           	psect	bigdata,class=BIGRAM,space=1
    44                           	psect	ibigdata,class=CODE,space=0,reloc=2
    45                           	psect	farbss,class=FARRAM,space=0,reloc=2,delta
                                 =1
    46                           	psect	fardata,class=FARRAM,space=0,reloc=2,delt
                                 a=1
    47                           	psect	ifardata,class=CODE,space=0,reloc=2,delta
                                 =1
    48                           
    49                           	psect	reset_vec,class=CODE,delta=1,reloc=2
    50                           	psect	powerup,class=CODE,delta=1,reloc=2
    51                           	psect	intcode,class=CODE,delta=1,reloc=2
    52                           	psect	intcodelo,class=CODE,delta=1,reloc=2
    53                           	psect	intret,class=CODE,delta=1,reloc=2
    54                           	psect	intentry,class=CODE,delta=1,reloc=2
    55                           
    56                           	psect	intsave_regs,class=BIGRAM,space=1
    57                           	psect	init,class=CODE,delta=1,reloc=2
    58                           	psect	text,class=CODE,delta=1,reloc=2
    59                           GLOBAL	intlevel0,intlevel1,intlevel2
    60  000A8C                     intlevel0:
    61  000A8C                     intlevel1:
    62  000A8C                     intlevel2:
    63                           GLOBAL	intlevel3
    64  000A8C                     intlevel3:
    65                           	psect	end_init,class=CODE,delta=1,reloc=2
    66                           	psect	clrtext,class=CODE,delta=1,reloc=2
    67                           
    68                           	psect	rparam,class=COMRAM,space=1
    69                           	psect	param0,class=BANK0,space=1
    70                           	psect	param1,class=BANK1,space=1
    71                           	psect	param2,class=BANK2,space=1
    72  000000                     wreg	EQU	0FE8h
    73  000000                     fsr0l	EQU	0FE9h
    74  000000                     fsr0h	EQU	0FEAh
    75  000000                     fsr1l	EQU	0FE1h
    76  000000                     fsr1h	EQU	0FE2h
    77  000000                     fsr2l	EQU	0FD9h
    78  000000                     fsr2h	EQU	0FDAh
    79  000000                     postinc0	EQU	0FEEh
    80  000000                     postdec0	EQU	0FEDh
    81  000000                     postinc1	EQU	0FE6h
    82  000000                     postdec1	EQU	0FE5h
    83  000000                     postinc2	EQU	0FDEh
    84  000000                     postdec2	EQU	0FDDh
    85  000000                     tblptrl	EQU	0FF6h
    86  000000                     tblptrh	EQU	0FF7h
    87  000000                     tblptru	EQU	0FF8h
    88  000000                     tablat		EQU	0FF5h
    89                           
    90                           	GLOBAL __accesstop
    91  000000                     __accesstop EQU 96
    92                           	PSECT	ramtop,class=RAM
    93                           	GLOBAL	__S1			; top of RAM usage
    94                           	GLOBAL	__ramtop
    95                           	GLOBAL	__LRAM,__HRAM
    96  000300                     __ramtop:
    97                           
    98                           	PSECT	reset_vec
    99  000000                     reset_pos:
   100                           
   101                           	PSECT	init
   102  000000                     start:
   103  000000                     _exit:
   104                           ; fardata psect  - 0 bytes to load
   105                           
   106                           ; farbss psect  - 0 bytes to clear
   107                           
   108                           ; bigdata psect - 0 bytes to load
   109                           
   110                           	GLOBAL	__Lmediumconst
   111  000000  0E00               	movlw	low highword(__Lmediumconst)
   112  000002  6EF8               	movwf	tblptru
   113  000004  EFB3  F002         	goto	_main		;go do the main stuff


HI-TECH Software PICC-18 Macro Assembler V9.66 build 8870 
Symbol Table                                           Sun Aug 26 01:26:13 2012

          __S1 0200           _main 0566           _exit 0000  
         start 0000          __HRAM 0000          __LRAM 0001  
       tblptru 000FF8     __accesstop 000060        __ramtop 0300  
__Lmediumconst 035E       intlevel0 0A8C       intlevel1 0A8C  
     intlevel2 0A8C       intlevel3 0A8C       reset_pos 0000  
